15:20:34.123 [play-internal-execution-context-1] INFO  pt.ist.fenixframework.FenixFramework - Trying auto-initialization with configuration by convention
15:20:34.133 [play-internal-execution-context-1] INFO  pt.ist.fenixframework.FenixFramework - Found configuration by convention in resource 'fenix-framework.properties'.
15:20:34.133 [play-internal-execution-context-1] DEBUG pt.ist.fenixframework.FenixFramework - Fenix Framework properties after reading default config file:{appName=Passport, dbUsername=passportFenix, updateRepositoryStructureIfNeeded=true, dbPassword=passportRootPassword, dbAlias=//localhost/passportFenix, domainModelURLs=passport.dml}
15:20:34.162 [New I/O worker #1] ERROR application - 

! @6h9ng2jh6 - Internal server error, for (GET) [/] ->

play.api.UnexpectedException: Unexpected exception[NoClassDefFoundError: pt/ist/fenixframework/backend/CurrentBackEndId]
	at play.core.ReloadableApplication$$anonfun$get$1$$anonfun$apply$1$$anonfun$1.apply(ApplicationProvider.scala:152) ~[play_2.10.jar:2.2.1]
	at play.core.ReloadableApplication$$anonfun$get$1$$anonfun$apply$1$$anonfun$1.apply(ApplicationProvider.scala:112) ~[play_2.10.jar:2.2.1]
	at scala.Option.map(Option.scala:145) ~[scala-library.jar:na]
	at play.core.ReloadableApplication$$anonfun$get$1$$anonfun$apply$1.apply(ApplicationProvider.scala:112) ~[play_2.10.jar:2.2.1]
	at play.core.ReloadableApplication$$anonfun$get$1$$anonfun$apply$1.apply(ApplicationProvider.scala:110) ~[play_2.10.jar:2.2.1]
	at scala.util.Success.flatMap(Try.scala:200) ~[scala-library.jar:na]
	at play.core.ReloadableApplication$$anonfun$get$1.apply(ApplicationProvider.scala:110) ~[play_2.10.jar:2.2.1]
	at play.core.ReloadableApplication$$anonfun$get$1.apply(ApplicationProvider.scala:102) ~[play_2.10.jar:2.2.1]
	at scala.concurrent.impl.Future$PromiseCompletingRunnable.liftedTree1$1(Future.scala:24) ~[scala-library.jar:na]
	at scala.concurrent.impl.Future$PromiseCompletingRunnable.run(Future.scala:24) ~[scala-library.jar:na]
	at scala.concurrent.forkjoin.ForkJoinTask$AdaptedRunnableAction.exec(ForkJoinTask.java:1361) ~[scala-library.jar:na]
	at scala.concurrent.forkjoin.ForkJoinTask.doExec(ForkJoinTask.java:260) ~[scala-library.jar:na]
	at scala.concurrent.forkjoin.ForkJoinPool$WorkQueue.runTask(ForkJoinPool.java:1339) ~[scala-library.jar:na]
	at scala.concurrent.forkjoin.ForkJoinPool.runWorker(ForkJoinPool.java:1979) ~[scala-library.jar:na]
	at scala.concurrent.forkjoin.ForkJoinWorkerThread.run(ForkJoinWorkerThread.java:107) ~[scala-library.jar:na]
Caused by: java.lang.NoClassDefFoundError: pt/ist/fenixframework/backend/CurrentBackEndId
	at pt.ist.fenixframework.backend.BackEndId.getBackEndId(BackEndId.java:83) ~[fenix-framework-core-api-2.4.0.jar:na]
	at pt.ist.fenixframework.FenixFramework.tryAutoInit(FenixFramework.java:171) ~[fenix-framework-core-api-2.4.0.jar:na]
	at pt.ist.fenixframework.FenixFramework.<clinit>(FenixFramework.java:153) ~[fenix-framework-core-api-2.4.0.jar:na]
	at Global$.onStart(Global.scala:15) ~[na:na]
	at play.api.GlobalPlugin.onStart(GlobalSettings.scala:203) ~[play_2.10.jar:2.2.1]
	at play.api.Play$$anonfun$start$1$$anonfun$apply$mcV$sp$1.apply(Play.scala:88) ~[play_2.10.jar:2.2.1]
	at play.api.Play$$anonfun$start$1$$anonfun$apply$mcV$sp$1.apply(Play.scala:88) ~[play_2.10.jar:2.2.1]
	at scala.collection.immutable.List.foreach(List.scala:318) ~[scala-library.jar:na]
	at play.api.Play$$anonfun$start$1.apply$mcV$sp(Play.scala:88) ~[play_2.10.jar:2.2.1]
	at play.api.Play$$anonfun$start$1.apply(Play.scala:88) ~[play_2.10.jar:2.2.1]
	at play.api.Play$$anonfun$start$1.apply(Play.scala:88) ~[play_2.10.jar:2.2.1]
	at play.utils.Threads$.withContextClassLoader(Threads.scala:18) ~[play_2.10.jar:2.2.1]
	at play.api.Play$.start(Play.scala:87) ~[play_2.10.jar:2.2.1]
	at play.core.ReloadableApplication$$anonfun$get$1$$anonfun$apply$1$$anonfun$1.apply(ApplicationProvider.scala:139) ~[play_2.10.jar:2.2.1]
	... 14 common frames omitted
Caused by: java.lang.ClassNotFoundException: pt.ist.fenixframework.backend.CurrentBackEndId
	at java.net.URLClassLoader$1.run(URLClassLoader.java:366) ~[na:1.7.0_51]
	at java.net.URLClassLoader$1.run(URLClassLoader.java:355) ~[na:1.7.0_51]
	at java.security.AccessController.doPrivileged(Native Method) ~[na:1.7.0_51]
	at java.net.URLClassLoader.findClass(URLClassLoader.java:354) ~[na:1.7.0_51]
	at java.lang.ClassLoader.loadClass(ClassLoader.java:425) ~[na:1.7.0_51]
	at java.lang.ClassLoader.loadClass(ClassLoader.java:358) ~[na:1.7.0_51]
	... 28 common frames omitted
15:40:53.051 [play-internal-execution-context-1] INFO  pt.ist.fenixframework.FenixFramework - Trying auto-initialization with configuration by convention
15:40:53.053 [play-internal-execution-context-1] INFO  pt.ist.fenixframework.FenixFramework - Found configuration by convention in resource 'fenix-framework.properties'.
15:40:53.054 [play-internal-execution-context-1] DEBUG pt.ist.fenixframework.FenixFramework - Fenix Framework properties after reading default config file:{appName=Passport, dbUsername=passportFenix, updateRepositoryStructureIfNeeded=true, dbPassword=passportRootPassword, dbAlias=//localhost/passportFenix, domainModelURLs=passport.dml}
15:40:53.079 [New I/O worker #1] ERROR application - 

! @6h9nik2kl - Internal server error, for (GET) [/] ->

play.api.UnexpectedException: Unexpected exception[NoClassDefFoundError: pt/ist/fenixframework/backend/CurrentBackEndId]
	at play.core.ReloadableApplication$$anonfun$get$1$$anonfun$apply$1$$anonfun$1.apply(ApplicationProvider.scala:152) ~[play_2.10.jar:2.2.1]
	at play.core.ReloadableApplication$$anonfun$get$1$$anonfun$apply$1$$anonfun$1.apply(ApplicationProvider.scala:112) ~[play_2.10.jar:2.2.1]
	at scala.Option.map(Option.scala:145) ~[scala-library.jar:na]
	at play.core.ReloadableApplication$$anonfun$get$1$$anonfun$apply$1.apply(ApplicationProvider.scala:112) ~[play_2.10.jar:2.2.1]
	at play.core.ReloadableApplication$$anonfun$get$1$$anonfun$apply$1.apply(ApplicationProvider.scala:110) ~[play_2.10.jar:2.2.1]
	at scala.util.Success.flatMap(Try.scala:200) ~[scala-library.jar:na]
	at play.core.ReloadableApplication$$anonfun$get$1.apply(ApplicationProvider.scala:110) ~[play_2.10.jar:2.2.1]
	at play.core.ReloadableApplication$$anonfun$get$1.apply(ApplicationProvider.scala:102) ~[play_2.10.jar:2.2.1]
	at scala.concurrent.impl.Future$PromiseCompletingRunnable.liftedTree1$1(Future.scala:24) ~[scala-library.jar:na]
	at scala.concurrent.impl.Future$PromiseCompletingRunnable.run(Future.scala:24) ~[scala-library.jar:na]
	at scala.concurrent.forkjoin.ForkJoinTask$AdaptedRunnableAction.exec(ForkJoinTask.java:1361) ~[scala-library.jar:na]
	at scala.concurrent.forkjoin.ForkJoinTask.doExec(ForkJoinTask.java:260) ~[scala-library.jar:na]
	at scala.concurrent.forkjoin.ForkJoinPool$WorkQueue.runTask(ForkJoinPool.java:1339) ~[scala-library.jar:na]
	at scala.concurrent.forkjoin.ForkJoinPool.runWorker(ForkJoinPool.java:1979) ~[scala-library.jar:na]
	at scala.concurrent.forkjoin.ForkJoinWorkerThread.run(ForkJoinWorkerThread.java:107) ~[scala-library.jar:na]
Caused by: java.lang.NoClassDefFoundError: pt/ist/fenixframework/backend/CurrentBackEndId
	at pt.ist.fenixframework.backend.BackEndId.getBackEndId(BackEndId.java:83) ~[fenix-framework-core-api-2.4.0.jar:na]
	at pt.ist.fenixframework.FenixFramework.tryAutoInit(FenixFramework.java:171) ~[fenix-framework-core-api-2.4.0.jar:na]
	at pt.ist.fenixframework.FenixFramework.<clinit>(FenixFramework.java:153) ~[fenix-framework-core-api-2.4.0.jar:na]
	at Global$.onStart(Global.scala:15) ~[na:na]
	at play.api.GlobalPlugin.onStart(GlobalSettings.scala:203) ~[play_2.10.jar:2.2.1]
	at play.api.Play$$anonfun$start$1$$anonfun$apply$mcV$sp$1.apply(Play.scala:88) ~[play_2.10.jar:2.2.1]
	at play.api.Play$$anonfun$start$1$$anonfun$apply$mcV$sp$1.apply(Play.scala:88) ~[play_2.10.jar:2.2.1]
	at scala.collection.immutable.List.foreach(List.scala:318) ~[scala-library.jar:na]
	at play.api.Play$$anonfun$start$1.apply$mcV$sp(Play.scala:88) ~[play_2.10.jar:2.2.1]
	at play.api.Play$$anonfun$start$1.apply(Play.scala:88) ~[play_2.10.jar:2.2.1]
	at play.api.Play$$anonfun$start$1.apply(Play.scala:88) ~[play_2.10.jar:2.2.1]
	at play.utils.Threads$.withContextClassLoader(Threads.scala:18) ~[play_2.10.jar:2.2.1]
	at play.api.Play$.start(Play.scala:87) ~[play_2.10.jar:2.2.1]
	at play.core.ReloadableApplication$$anonfun$get$1$$anonfun$apply$1$$anonfun$1.apply(ApplicationProvider.scala:139) ~[play_2.10.jar:2.2.1]
	... 14 common frames omitted
Caused by: java.lang.ClassNotFoundException: pt.ist.fenixframework.backend.CurrentBackEndId
	at java.net.URLClassLoader$1.run(URLClassLoader.java:366) ~[na:1.7.0_51]
	at java.net.URLClassLoader$1.run(URLClassLoader.java:355) ~[na:1.7.0_51]
	at java.security.AccessController.doPrivileged(Native Method) ~[na:1.7.0_51]
	at java.net.URLClassLoader.findClass(URLClassLoader.java:354) ~[na:1.7.0_51]
	at java.lang.ClassLoader.loadClass(ClassLoader.java:425) ~[na:1.7.0_51]
	at java.lang.ClassLoader.loadClass(ClassLoader.java:358) ~[na:1.7.0_51]
	... 28 common frames omitted
15:41:29.317 [New I/O worker #1] ERROR application - 

! @6h9nim4b4 - Internal server error, for (GET) [/] ->

play.api.UnexpectedException: Unexpected exception[ClassNotFoundException: pt.ist.fenixframework.backend.CurrentBackEndId]
	at play.core.ReloadableApplication$$anonfun$get$1$$anonfun$apply$1$$anonfun$1.apply(ApplicationProvider.scala:148) ~[play_2.10.jar:2.2.1]
	at play.core.ReloadableApplication$$anonfun$get$1$$anonfun$apply$1$$anonfun$1.apply(ApplicationProvider.scala:112) ~[play_2.10.jar:2.2.1]
	at scala.Option.map(Option.scala:145) ~[scala-library.jar:na]
	at play.core.ReloadableApplication$$anonfun$get$1$$anonfun$apply$1.apply(ApplicationProvider.scala:112) ~[play_2.10.jar:2.2.1]
	at play.core.ReloadableApplication$$anonfun$get$1$$anonfun$apply$1.apply(ApplicationProvider.scala:110) ~[play_2.10.jar:2.2.1]
	at scala.util.Success.flatMap(Try.scala:200) ~[scala-library.jar:na]
	at play.core.ReloadableApplication$$anonfun$get$1.apply(ApplicationProvider.scala:110) ~[play_2.10.jar:2.2.1]
	at play.core.ReloadableApplication$$anonfun$get$1.apply(ApplicationProvider.scala:102) ~[play_2.10.jar:2.2.1]
	at scala.concurrent.impl.Future$PromiseCompletingRunnable.liftedTree1$1(Future.scala:24) ~[scala-library.jar:na]
	at scala.concurrent.impl.Future$PromiseCompletingRunnable.run(Future.scala:24) ~[scala-library.jar:na]
	at scala.concurrent.forkjoin.ForkJoinTask$AdaptedRunnableAction.exec(ForkJoinTask.java:1361) ~[scala-library.jar:na]
	at scala.concurrent.forkjoin.ForkJoinTask.doExec(ForkJoinTask.java:260) ~[scala-library.jar:na]
	at scala.concurrent.forkjoin.ForkJoinPool$WorkQueue.runTask(ForkJoinPool.java:1339) ~[scala-library.jar:na]
	at scala.concurrent.forkjoin.ForkJoinPool.runWorker(ForkJoinPool.java:1979) ~[scala-library.jar:na]
	at scala.concurrent.forkjoin.ForkJoinWorkerThread.run(ForkJoinWorkerThread.java:107) ~[scala-library.jar:na]
Caused by: java.lang.ClassNotFoundException: pt.ist.fenixframework.backend.CurrentBackEndId
	at java.net.URLClassLoader$1.run(URLClassLoader.java:366) ~[na:1.7.0_51]
	at java.net.URLClassLoader$1.run(URLClassLoader.java:355) ~[na:1.7.0_51]
	at java.security.AccessController.doPrivileged(Native Method) ~[na:1.7.0_51]
	at java.net.URLClassLoader.findClass(URLClassLoader.java:354) ~[na:1.7.0_51]
	at java.lang.ClassLoader.loadClass(ClassLoader.java:425) ~[na:1.7.0_51]
	at java.lang.ClassLoader.loadClass(ClassLoader.java:358) ~[na:1.7.0_51]
	at java.lang.Class.forName0(Native Method) ~[na:1.7.0_51]
	at java.lang.Class.forName(Class.java:270) ~[na:1.7.0_51]
	at Global$.onStart(Global.scala:11) ~[na:na]
	at play.api.GlobalPlugin.onStart(GlobalSettings.scala:203) ~[play_2.10.jar:2.2.1]
	at play.api.Play$$anonfun$start$1$$anonfun$apply$mcV$sp$1.apply(Play.scala:88) ~[play_2.10.jar:2.2.1]
	at play.api.Play$$anonfun$start$1$$anonfun$apply$mcV$sp$1.apply(Play.scala:88) ~[play_2.10.jar:2.2.1]
	at scala.collection.immutable.List.foreach(List.scala:318) ~[scala-library.jar:na]
	at play.api.Play$$anonfun$start$1.apply$mcV$sp(Play.scala:88) ~[play_2.10.jar:2.2.1]
	at play.api.Play$$anonfun$start$1.apply(Play.scala:88) ~[play_2.10.jar:2.2.1]
	at play.api.Play$$anonfun$start$1.apply(Play.scala:88) ~[play_2.10.jar:2.2.1]
	at play.utils.Threads$.withContextClassLoader(Threads.scala:18) ~[play_2.10.jar:2.2.1]
	at play.api.Play$.start(Play.scala:87) ~[play_2.10.jar:2.2.1]
	at play.core.ReloadableApplication$$anonfun$get$1$$anonfun$apply$1$$anonfun$1.apply(ApplicationProvider.scala:139) ~[play_2.10.jar:2.2.1]
	... 14 common frames omitted
16:31:56.170 [New I/O worker #1] ERROR application - 

! @6h9npc9pn - Internal server error, for (GET) [/] ->

play.api.UnexpectedException: Unexpected exception[ClassNotFoundException: pt.ist.fenixframework.backend.CurrentBackEndId]
	at play.core.ReloadableApplication$$anonfun$get$1$$anonfun$apply$1$$anonfun$1.apply(ApplicationProvider.scala:148) ~[play_2.10.jar:2.2.1]
	at play.core.ReloadableApplication$$anonfun$get$1$$anonfun$apply$1$$anonfun$1.apply(ApplicationProvider.scala:112) ~[play_2.10.jar:2.2.1]
	at scala.Option.map(Option.scala:145) ~[scala-library.jar:na]
	at play.core.ReloadableApplication$$anonfun$get$1$$anonfun$apply$1.apply(ApplicationProvider.scala:112) ~[play_2.10.jar:2.2.1]
	at play.core.ReloadableApplication$$anonfun$get$1$$anonfun$apply$1.apply(ApplicationProvider.scala:110) ~[play_2.10.jar:2.2.1]
	at scala.util.Success.flatMap(Try.scala:200) ~[scala-library.jar:na]
	at play.core.ReloadableApplication$$anonfun$get$1.apply(ApplicationProvider.scala:110) ~[play_2.10.jar:2.2.1]
	at play.core.ReloadableApplication$$anonfun$get$1.apply(ApplicationProvider.scala:102) ~[play_2.10.jar:2.2.1]
	at scala.concurrent.impl.Future$PromiseCompletingRunnable.liftedTree1$1(Future.scala:24) ~[scala-library.jar:na]
	at scala.concurrent.impl.Future$PromiseCompletingRunnable.run(Future.scala:24) ~[scala-library.jar:na]
	at scala.concurrent.forkjoin.ForkJoinTask$AdaptedRunnableAction.exec(ForkJoinTask.java:1361) ~[scala-library.jar:na]
	at scala.concurrent.forkjoin.ForkJoinTask.doExec(ForkJoinTask.java:260) ~[scala-library.jar:na]
	at scala.concurrent.forkjoin.ForkJoinPool$WorkQueue.runTask(ForkJoinPool.java:1339) ~[scala-library.jar:na]
	at scala.concurrent.forkjoin.ForkJoinPool.runWorker(ForkJoinPool.java:1979) ~[scala-library.jar:na]
	at scala.concurrent.forkjoin.ForkJoinWorkerThread.run(ForkJoinWorkerThread.java:107) ~[scala-library.jar:na]
Caused by: java.lang.ClassNotFoundException: pt.ist.fenixframework.backend.CurrentBackEndId
	at java.net.URLClassLoader$1.run(URLClassLoader.java:366) ~[na:1.7.0_51]
	at java.net.URLClassLoader$1.run(URLClassLoader.java:355) ~[na:1.7.0_51]
	at java.security.AccessController.doPrivileged(Native Method) ~[na:1.7.0_51]
	at java.net.URLClassLoader.findClass(URLClassLoader.java:354) ~[na:1.7.0_51]
	at java.lang.ClassLoader.loadClass(ClassLoader.java:425) ~[na:1.7.0_51]
	at java.lang.ClassLoader.loadClass(ClassLoader.java:358) ~[na:1.7.0_51]
	at java.lang.Class.forName0(Native Method) ~[na:1.7.0_51]
	at java.lang.Class.forName(Class.java:270) ~[na:1.7.0_51]
	at Global$.onStart(Global.scala:11) ~[na:na]
	at play.api.GlobalPlugin.onStart(GlobalSettings.scala:203) ~[play_2.10.jar:2.2.1]
	at play.api.Play$$anonfun$start$1$$anonfun$apply$mcV$sp$1.apply(Play.scala:88) ~[play_2.10.jar:2.2.1]
	at play.api.Play$$anonfun$start$1$$anonfun$apply$mcV$sp$1.apply(Play.scala:88) ~[play_2.10.jar:2.2.1]
	at scala.collection.immutable.List.foreach(List.scala:318) ~[scala-library.jar:na]
	at play.api.Play$$anonfun$start$1.apply$mcV$sp(Play.scala:88) ~[play_2.10.jar:2.2.1]
	at play.api.Play$$anonfun$start$1.apply(Play.scala:88) ~[play_2.10.jar:2.2.1]
	at play.api.Play$$anonfun$start$1.apply(Play.scala:88) ~[play_2.10.jar:2.2.1]
	at play.utils.Threads$.withContextClassLoader(Threads.scala:18) ~[play_2.10.jar:2.2.1]
	at play.api.Play$.start(Play.scala:87) ~[play_2.10.jar:2.2.1]
	at play.core.ReloadableApplication$$anonfun$get$1$$anonfun$apply$1$$anonfun$1.apply(ApplicationProvider.scala:139) ~[play_2.10.jar:2.2.1]
	... 14 common frames omitted
16:31:56.170 [New I/O worker #2] ERROR application - 

! @6h9npc9pn - Internal server error, for (GET) [/] ->

play.api.UnexpectedException: Unexpected exception[ClassNotFoundException: pt.ist.fenixframework.backend.CurrentBackEndId]
	at play.core.ReloadableApplication$$anonfun$get$1$$anonfun$apply$1$$anonfun$1.apply(ApplicationProvider.scala:148) ~[play_2.10.jar:2.2.1]
	at play.core.ReloadableApplication$$anonfun$get$1$$anonfun$apply$1$$anonfun$1.apply(ApplicationProvider.scala:112) ~[play_2.10.jar:2.2.1]
	at scala.Option.map(Option.scala:145) ~[scala-library.jar:na]
	at play.core.ReloadableApplication$$anonfun$get$1$$anonfun$apply$1.apply(ApplicationProvider.scala:112) ~[play_2.10.jar:2.2.1]
	at play.core.ReloadableApplication$$anonfun$get$1$$anonfun$apply$1.apply(ApplicationProvider.scala:110) ~[play_2.10.jar:2.2.1]
	at scala.util.Success.flatMap(Try.scala:200) ~[scala-library.jar:na]
	at play.core.ReloadableApplication$$anonfun$get$1.apply(ApplicationProvider.scala:110) ~[play_2.10.jar:2.2.1]
	at play.core.ReloadableApplication$$anonfun$get$1.apply(ApplicationProvider.scala:102) ~[play_2.10.jar:2.2.1]
	at scala.concurrent.impl.Future$PromiseCompletingRunnable.liftedTree1$1(Future.scala:24) ~[scala-library.jar:na]
	at scala.concurrent.impl.Future$PromiseCompletingRunnable.run(Future.scala:24) ~[scala-library.jar:na]
	at scala.concurrent.forkjoin.ForkJoinTask$AdaptedRunnableAction.exec(ForkJoinTask.java:1361) ~[scala-library.jar:na]
	at scala.concurrent.forkjoin.ForkJoinTask.doExec(ForkJoinTask.java:260) ~[scala-library.jar:na]
	at scala.concurrent.forkjoin.ForkJoinPool$WorkQueue.runTask(ForkJoinPool.java:1339) ~[scala-library.jar:na]
	at scala.concurrent.forkjoin.ForkJoinPool.runWorker(ForkJoinPool.java:1979) ~[scala-library.jar:na]
	at scala.concurrent.forkjoin.ForkJoinWorkerThread.run(ForkJoinWorkerThread.java:107) ~[scala-library.jar:na]
Caused by: java.lang.ClassNotFoundException: pt.ist.fenixframework.backend.CurrentBackEndId
	at java.net.URLClassLoader$1.run(URLClassLoader.java:366) ~[na:1.7.0_51]
	at java.net.URLClassLoader$1.run(URLClassLoader.java:355) ~[na:1.7.0_51]
	at java.security.AccessController.doPrivileged(Native Method) ~[na:1.7.0_51]
	at java.net.URLClassLoader.findClass(URLClassLoader.java:354) ~[na:1.7.0_51]
	at java.lang.ClassLoader.loadClass(ClassLoader.java:425) ~[na:1.7.0_51]
	at java.lang.ClassLoader.loadClass(ClassLoader.java:358) ~[na:1.7.0_51]
	at java.lang.Class.forName0(Native Method) ~[na:1.7.0_51]
	at java.lang.Class.forName(Class.java:270) ~[na:1.7.0_51]
	at Global$.onStart(Global.scala:11) ~[na:na]
	at play.api.GlobalPlugin.onStart(GlobalSettings.scala:203) ~[play_2.10.jar:2.2.1]
	at play.api.Play$$anonfun$start$1$$anonfun$apply$mcV$sp$1.apply(Play.scala:88) ~[play_2.10.jar:2.2.1]
	at play.api.Play$$anonfun$start$1$$anonfun$apply$mcV$sp$1.apply(Play.scala:88) ~[play_2.10.jar:2.2.1]
	at scala.collection.immutable.List.foreach(List.scala:318) ~[scala-library.jar:na]
	at play.api.Play$$anonfun$start$1.apply$mcV$sp(Play.scala:88) ~[play_2.10.jar:2.2.1]
	at play.api.Play$$anonfun$start$1.apply(Play.scala:88) ~[play_2.10.jar:2.2.1]
	at play.api.Play$$anonfun$start$1.apply(Play.scala:88) ~[play_2.10.jar:2.2.1]
	at play.utils.Threads$.withContextClassLoader(Threads.scala:18) ~[play_2.10.jar:2.2.1]
	at play.api.Play$.start(Play.scala:87) ~[play_2.10.jar:2.2.1]
	at play.core.ReloadableApplication$$anonfun$get$1$$anonfun$apply$1$$anonfun$1.apply(ApplicationProvider.scala:139) ~[play_2.10.jar:2.2.1]
	... 14 common frames omitted
